ARM GAS  C:\Users\Cihat\AppData\Local\Temp\cc5i9GDP.s 			page 1


   1              		.cpu cortex-m4
   2              		.eabi_attribute 27, 1
   3              		.eabi_attribute 28, 1
   4              		.eabi_attribute 20, 1
   5              		.eabi_attribute 21, 1
   6              		.eabi_attribute 23, 3
   7              		.eabi_attribute 24, 1
   8              		.eabi_attribute 25, 1
   9              		.eabi_attribute 26, 1
  10              		.eabi_attribute 30, 1
  11              		.eabi_attribute 34, 1
  12              		.eabi_attribute 18, 4
  13              		.file	"fatfs_platform.c"
  14              		.text
  15              	.Ltext0:
  16              		.cfi_sections	.debug_frame
  17              		.section	.text.BSP_PlatformIsDetected,"ax",%progbits
  18              		.align	1
  19              		.global	BSP_PlatformIsDetected
  20              		.syntax unified
  21              		.thumb
  22              		.thumb_func
  23              		.fpu fpv4-sp-d16
  25              	BSP_PlatformIsDetected:
  26              	.LFB130:
  27              		.file 1 "FATFS/Target/fatfs_platform.c"
   1:FATFS/Target/fatfs_platform.c **** /**
   2:FATFS/Target/fatfs_platform.c ****   ******************************************************************************
   3:FATFS/Target/fatfs_platform.c ****   * @file           : fatfs_platform.c
   4:FATFS/Target/fatfs_platform.c ****   * @brief          : fatfs_platform source file
   5:FATFS/Target/fatfs_platform.c ****   ******************************************************************************
   6:FATFS/Target/fatfs_platform.c ****   * @attention
   7:FATFS/Target/fatfs_platform.c ****   *
   8:FATFS/Target/fatfs_platform.c ****   * <h2><center>&copy; Copyright (c) 2022 STMicroelectronics.
   9:FATFS/Target/fatfs_platform.c ****   * All rights reserved.</center></h2>
  10:FATFS/Target/fatfs_platform.c ****   *
  11:FATFS/Target/fatfs_platform.c ****   * This software component is licensed by ST under Ultimate Liberty license
  12:FATFS/Target/fatfs_platform.c ****   * SLA0044, the "License"; You may not use this file except in compliance with
  13:FATFS/Target/fatfs_platform.c ****   * the License. You may obtain a copy of the License at:
  14:FATFS/Target/fatfs_platform.c ****   *                             www.st.com/SLA0044
  15:FATFS/Target/fatfs_platform.c ****   *
  16:FATFS/Target/fatfs_platform.c ****   ******************************************************************************
  17:FATFS/Target/fatfs_platform.c **** */
  18:FATFS/Target/fatfs_platform.c **** #include "fatfs_platform.h"
  19:FATFS/Target/fatfs_platform.c **** 
  20:FATFS/Target/fatfs_platform.c **** uint8_t	BSP_PlatformIsDetected(void) {
  28              		.loc 1 20 0
  29              		.cfi_startproc
  30              		@ args = 0, pretend = 0, frame = 0
  31              		@ frame_needed = 0, uses_anonymous_args = 0
  32 0000 08B5     		push	{r3, lr}
  33              	.LCFI0:
  34              		.cfi_def_cfa_offset 8
  35              		.cfi_offset 3, -8
  36              		.cfi_offset 14, -4
  37              	.LVL0:
  21:FATFS/Target/fatfs_platform.c ****     uint8_t status = SD_PRESENT;
ARM GAS  C:\Users\Cihat\AppData\Local\Temp\cc5i9GDP.s 			page 2


  22:FATFS/Target/fatfs_platform.c ****     /* Check SD card detect pin */
  23:FATFS/Target/fatfs_platform.c ****     if(HAL_GPIO_ReadPin(SD_DETECT_GPIO_PORT, SD_DETECT_PIN) != GPIO_PIN_RESET)
  38              		.loc 1 23 0
  39 0002 0121     		movs	r1, #1
  40 0004 0348     		ldr	r0, .L6
  41 0006 FFF7FEFF 		bl	HAL_GPIO_ReadPin
  42              	.LVL1:
  43 000a 08B1     		cbz	r0, .L5
  24:FATFS/Target/fatfs_platform.c ****     {
  25:FATFS/Target/fatfs_platform.c ****         status = SD_NOT_PRESENT;
  44              		.loc 1 25 0
  45 000c 0020     		movs	r0, #0
  46              	.L2:
  47              	.LVL2:
  26:FATFS/Target/fatfs_platform.c ****     }
  27:FATFS/Target/fatfs_platform.c ****     /* USER CODE BEGIN 1 */
  28:FATFS/Target/fatfs_platform.c ****     /* user code can be inserted here */
  29:FATFS/Target/fatfs_platform.c ****     /* USER CODE END 1 */
  30:FATFS/Target/fatfs_platform.c ****     return status;
  31:FATFS/Target/fatfs_platform.c **** }
  48              		.loc 1 31 0
  49 000e 08BD     		pop	{r3, pc}
  50              	.LVL3:
  51              	.L5:
  21:FATFS/Target/fatfs_platform.c ****     /* Check SD card detect pin */
  52              		.loc 1 21 0
  53 0010 0120     		movs	r0, #1
  54 0012 FCE7     		b	.L2
  55              	.L7:
  56              		.align	2
  57              	.L6:
  58 0014 00000240 		.word	1073872896
  59              		.cfi_endproc
  60              	.LFE130:
  62              		.text
  63              	.Letext0:
  64              		.file 2 "c:\\touchgfx\\4.17.0\\env\\mingw\\msys\\1.0\\gnu-arm-gcc\\arm-none-eabi\\include\\machine
  65              		.file 3 "c:\\touchgfx\\4.17.0\\env\\mingw\\msys\\1.0\\gnu-arm-gcc\\arm-none-eabi\\include\\sys\\_s
  66              		.file 4 "Drivers/CMSIS/Include/core_cm4.h"
  67              		.file 5 "Drivers/CMSIS/Device/ST/STM32F4xx/Include/system_stm32f4xx.h"
  68              		.file 6 "Drivers/CMSIS/Device/ST/STM32F4xx/Include/stm32f469xx.h"
  69              		.file 7 "Drivers/STM32F4xx_HAL_Driver/Inc/stm32f4xx_hal_gpio.h"
  70              		.file 8 "Drivers/STM32F4xx_HAL_Driver/Inc/stm32f4xx_hal.h"
ARM GAS  C:\Users\Cihat\AppData\Local\Temp\cc5i9GDP.s 			page 3


DEFINED SYMBOLS
                            *ABS*:00000000 fatfs_platform.c
C:\Users\Cihat\AppData\Local\Temp\cc5i9GDP.s:18     .text.BSP_PlatformIsDetected:00000000 $t
C:\Users\Cihat\AppData\Local\Temp\cc5i9GDP.s:25     .text.BSP_PlatformIsDetected:00000000 BSP_PlatformIsDetected
C:\Users\Cihat\AppData\Local\Temp\cc5i9GDP.s:58     .text.BSP_PlatformIsDetected:00000014 $d

UNDEFINED SYMBOLS
HAL_GPIO_ReadPin
