ARM GAS  C:\Users\Cihat\AppData\Local\Temp\ccWc5msr.s 			page 1


   1              		.cpu cortex-m4
   2              		.eabi_attribute 27, 1
   3              		.eabi_attribute 28, 1
   4              		.eabi_attribute 20, 1
   5              		.eabi_attribute 21, 1
   6              		.eabi_attribute 23, 3
   7              		.eabi_attribute 24, 1
   8              		.eabi_attribute 25, 1
   9              		.eabi_attribute 26, 1
  10              		.eabi_attribute 30, 1
  11              		.eabi_attribute 34, 1
  12              		.eabi_attribute 18, 4
  13              		.file	"ff_gen_drv.c"
  14              		.text
  15              	.Ltext0:
  16              		.cfi_sections	.debug_frame
  17              		.section	.text.FATFS_LinkDriverEx,"ax",%progbits
  18              		.align	1
  19              		.global	FATFS_LinkDriverEx
  20              		.syntax unified
  21              		.thumb
  22              		.thumb_func
  23              		.fpu fpv4-sp-d16
  25              	FATFS_LinkDriverEx:
  26              	.LFB130:
  27              		.file 1 "Middlewares/Third_Party/FatFs/src/ff_gen_drv.c"
   1:Middlewares/Third_Party/FatFs/src/ff_gen_drv.c **** /**
   2:Middlewares/Third_Party/FatFs/src/ff_gen_drv.c ****   ******************************************************************************
   3:Middlewares/Third_Party/FatFs/src/ff_gen_drv.c ****   * @file    ff_gen_drv.c
   4:Middlewares/Third_Party/FatFs/src/ff_gen_drv.c ****   * @author  MCD Application Team
   5:Middlewares/Third_Party/FatFs/src/ff_gen_drv.c ****   * @brief   FatFs generic low level driver.
   6:Middlewares/Third_Party/FatFs/src/ff_gen_drv.c ****   *****************************************************************************
   7:Middlewares/Third_Party/FatFs/src/ff_gen_drv.c ****   * @attention
   8:Middlewares/Third_Party/FatFs/src/ff_gen_drv.c ****   *
   9:Middlewares/Third_Party/FatFs/src/ff_gen_drv.c ****   * Copyright (c) 2017 STMicroelectronics. All rights reserved.
  10:Middlewares/Third_Party/FatFs/src/ff_gen_drv.c ****   *
  11:Middlewares/Third_Party/FatFs/src/ff_gen_drv.c ****   * This software component is licensed by ST under BSD 3-Clause license,
  12:Middlewares/Third_Party/FatFs/src/ff_gen_drv.c ****   * the "License"; You may not use this file except in compliance with the
  13:Middlewares/Third_Party/FatFs/src/ff_gen_drv.c ****   * License. You may obtain a copy of the License at:
  14:Middlewares/Third_Party/FatFs/src/ff_gen_drv.c ****   *                       opensource.org/licenses/BSD-3-Clause
  15:Middlewares/Third_Party/FatFs/src/ff_gen_drv.c ****   *
  16:Middlewares/Third_Party/FatFs/src/ff_gen_drv.c ****   ******************************************************************************
  17:Middlewares/Third_Party/FatFs/src/ff_gen_drv.c **** **/
  18:Middlewares/Third_Party/FatFs/src/ff_gen_drv.c **** /* Includes ------------------------------------------------------------------*/
  19:Middlewares/Third_Party/FatFs/src/ff_gen_drv.c **** #include "ff_gen_drv.h"
  20:Middlewares/Third_Party/FatFs/src/ff_gen_drv.c **** 
  21:Middlewares/Third_Party/FatFs/src/ff_gen_drv.c **** /* Private typedef -----------------------------------------------------------*/
  22:Middlewares/Third_Party/FatFs/src/ff_gen_drv.c **** /* Private define ------------------------------------------------------------*/
  23:Middlewares/Third_Party/FatFs/src/ff_gen_drv.c **** /* Private variables ---------------------------------------------------------*/
  24:Middlewares/Third_Party/FatFs/src/ff_gen_drv.c **** Disk_drvTypeDef disk = {{0},{0},{0},0};
  25:Middlewares/Third_Party/FatFs/src/ff_gen_drv.c **** 
  26:Middlewares/Third_Party/FatFs/src/ff_gen_drv.c **** /* Private function prototypes -----------------------------------------------*/
  27:Middlewares/Third_Party/FatFs/src/ff_gen_drv.c **** /* Private functions ---------------------------------------------------------*/
  28:Middlewares/Third_Party/FatFs/src/ff_gen_drv.c **** 
  29:Middlewares/Third_Party/FatFs/src/ff_gen_drv.c **** /**
  30:Middlewares/Third_Party/FatFs/src/ff_gen_drv.c ****   * @brief  Links a compatible diskio driver/lun id and increments the number of active
  31:Middlewares/Third_Party/FatFs/src/ff_gen_drv.c ****   *         linked drivers.
ARM GAS  C:\Users\Cihat\AppData\Local\Temp\ccWc5msr.s 			page 2


  32:Middlewares/Third_Party/FatFs/src/ff_gen_drv.c ****   * @note   The number of linked drivers (volumes) is up to 10 due to FatFs limits.
  33:Middlewares/Third_Party/FatFs/src/ff_gen_drv.c ****   * @param  drv: pointer to the disk IO Driver structure
  34:Middlewares/Third_Party/FatFs/src/ff_gen_drv.c ****   * @param  path: pointer to the logical drive path
  35:Middlewares/Third_Party/FatFs/src/ff_gen_drv.c ****   * @param  lun : only used for USB Key Disk to add multi-lun management
  36:Middlewares/Third_Party/FatFs/src/ff_gen_drv.c ****             else the parameter must be equal to 0
  37:Middlewares/Third_Party/FatFs/src/ff_gen_drv.c ****   * @retval Returns 0 in case of success, otherwise 1.
  38:Middlewares/Third_Party/FatFs/src/ff_gen_drv.c ****   */
  39:Middlewares/Third_Party/FatFs/src/ff_gen_drv.c **** uint8_t FATFS_LinkDriverEx(const Diskio_drvTypeDef *drv, char *path, uint8_t lun)
  40:Middlewares/Third_Party/FatFs/src/ff_gen_drv.c **** {
  28              		.loc 1 40 0
  29              		.cfi_startproc
  30              		@ args = 0, pretend = 0, frame = 0
  31              		@ frame_needed = 0, uses_anonymous_args = 0
  32              		@ link register save eliminated.
  33              	.LVL0:
  41:Middlewares/Third_Party/FatFs/src/ff_gen_drv.c ****   uint8_t ret = 1;
  42:Middlewares/Third_Party/FatFs/src/ff_gen_drv.c ****   uint8_t DiskNum = 0;
  43:Middlewares/Third_Party/FatFs/src/ff_gen_drv.c **** 
  44:Middlewares/Third_Party/FatFs/src/ff_gen_drv.c ****   if(disk.nbr < _VOLUMES)
  34              		.loc 1 44 0
  35 0000 104B     		ldr	r3, .L8
  36 0002 5B7A     		ldrb	r3, [r3, #9]	@ zero_extendqisi2
  37 0004 DBB9     		cbnz	r3, .L3
  40:Middlewares/Third_Party/FatFs/src/ff_gen_drv.c ****   uint8_t ret = 1;
  38              		.loc 1 40 0
  39 0006 30B4     		push	{r4, r5}
  40              	.LCFI0:
  41              		.cfi_def_cfa_offset 8
  42              		.cfi_offset 4, -8
  43              		.cfi_offset 5, -4
  45:Middlewares/Third_Party/FatFs/src/ff_gen_drv.c ****   {
  46:Middlewares/Third_Party/FatFs/src/ff_gen_drv.c ****     disk.is_initialized[disk.nbr] = 0;
  44              		.loc 1 46 0
  45 0008 0E4B     		ldr	r3, .L8
  46 000a 5D7A     		ldrb	r5, [r3, #9]	@ zero_extendqisi2
  47 000c EDB2     		uxtb	r5, r5
  48 000e 0024     		movs	r4, #0
  49 0010 5C55     		strb	r4, [r3, r5]
  47:Middlewares/Third_Party/FatFs/src/ff_gen_drv.c ****     disk.drv[disk.nbr] = drv;
  50              		.loc 1 47 0
  51 0012 5D7A     		ldrb	r5, [r3, #9]	@ zero_extendqisi2
  52 0014 03EB8505 		add	r5, r3, r5, lsl #2
  53 0018 6860     		str	r0, [r5, #4]
  48:Middlewares/Third_Party/FatFs/src/ff_gen_drv.c ****     disk.lun[disk.nbr] = lun;
  54              		.loc 1 48 0
  55 001a 587A     		ldrb	r0, [r3, #9]	@ zero_extendqisi2
  56              	.LVL1:
  57 001c 1844     		add	r0, r0, r3
  58 001e 0272     		strb	r2, [r0, #8]
  49:Middlewares/Third_Party/FatFs/src/ff_gen_drv.c ****     DiskNum = disk.nbr++;
  59              		.loc 1 49 0
  60 0020 5A7A     		ldrb	r2, [r3, #9]	@ zero_extendqisi2
  61              	.LVL2:
  62 0022 D2B2     		uxtb	r2, r2
  63 0024 501C     		adds	r0, r2, #1
  64              	.LVL3:
  65 0026 C0B2     		uxtb	r0, r0
ARM GAS  C:\Users\Cihat\AppData\Local\Temp\ccWc5msr.s 			page 3


  66 0028 5872     		strb	r0, [r3, #9]
  67              	.LVL4:
  50:Middlewares/Third_Party/FatFs/src/ff_gen_drv.c ****     path[0] = DiskNum + '0';
  68              		.loc 1 50 0
  69 002a 3032     		adds	r2, r2, #48
  70              	.LVL5:
  71 002c 0A70     		strb	r2, [r1]
  72              	.LVL6:
  51:Middlewares/Third_Party/FatFs/src/ff_gen_drv.c ****     path[1] = ':';
  73              		.loc 1 51 0
  74 002e 3A23     		movs	r3, #58
  75 0030 4B70     		strb	r3, [r1, #1]
  52:Middlewares/Third_Party/FatFs/src/ff_gen_drv.c ****     path[2] = '/';
  76              		.loc 1 52 0
  77 0032 2F23     		movs	r3, #47
  78 0034 8B70     		strb	r3, [r1, #2]
  53:Middlewares/Third_Party/FatFs/src/ff_gen_drv.c ****     path[3] = 0;
  79              		.loc 1 53 0
  80 0036 CC70     		strb	r4, [r1, #3]
  81              	.LVL7:
  54:Middlewares/Third_Party/FatFs/src/ff_gen_drv.c ****     ret = 0;
  82              		.loc 1 54 0
  83 0038 2046     		mov	r0, r4
  84              	.LVL8:
  55:Middlewares/Third_Party/FatFs/src/ff_gen_drv.c ****   }
  56:Middlewares/Third_Party/FatFs/src/ff_gen_drv.c **** 
  57:Middlewares/Third_Party/FatFs/src/ff_gen_drv.c ****   return ret;
  58:Middlewares/Third_Party/FatFs/src/ff_gen_drv.c **** }
  85              		.loc 1 58 0
  86 003a 30BC     		pop	{r4, r5}
  87              	.LCFI1:
  88              		.cfi_restore 5
  89              		.cfi_restore 4
  90              		.cfi_def_cfa_offset 0
  91 003c 7047     		bx	lr
  92              	.LVL9:
  93              	.L3:
  41:Middlewares/Third_Party/FatFs/src/ff_gen_drv.c ****   uint8_t DiskNum = 0;
  94              		.loc 1 41 0
  95 003e 0120     		movs	r0, #1
  96              	.LVL10:
  97              		.loc 1 58 0
  98 0040 7047     		bx	lr
  99              	.L9:
 100 0042 00BF     		.align	2
 101              	.L8:
 102 0044 00000000 		.word	.LANCHOR0
 103              		.cfi_endproc
 104              	.LFE130:
 106              		.section	.text.FATFS_LinkDriver,"ax",%progbits
 107              		.align	1
 108              		.global	FATFS_LinkDriver
 109              		.syntax unified
 110              		.thumb
 111              		.thumb_func
 112              		.fpu fpv4-sp-d16
 114              	FATFS_LinkDriver:
ARM GAS  C:\Users\Cihat\AppData\Local\Temp\ccWc5msr.s 			page 4


 115              	.LFB131:
  59:Middlewares/Third_Party/FatFs/src/ff_gen_drv.c **** 
  60:Middlewares/Third_Party/FatFs/src/ff_gen_drv.c **** /**
  61:Middlewares/Third_Party/FatFs/src/ff_gen_drv.c ****   * @brief  Links a compatible diskio driver and increments the number of active
  62:Middlewares/Third_Party/FatFs/src/ff_gen_drv.c ****   *         linked drivers.
  63:Middlewares/Third_Party/FatFs/src/ff_gen_drv.c ****   * @note   The number of linked drivers (volumes) is up to 10 due to FatFs limits
  64:Middlewares/Third_Party/FatFs/src/ff_gen_drv.c ****   * @param  drv: pointer to the disk IO Driver structure
  65:Middlewares/Third_Party/FatFs/src/ff_gen_drv.c ****   * @param  path: pointer to the logical drive path
  66:Middlewares/Third_Party/FatFs/src/ff_gen_drv.c ****   * @retval Returns 0 in case of success, otherwise 1.
  67:Middlewares/Third_Party/FatFs/src/ff_gen_drv.c ****   */
  68:Middlewares/Third_Party/FatFs/src/ff_gen_drv.c **** uint8_t FATFS_LinkDriver(const Diskio_drvTypeDef *drv, char *path)
  69:Middlewares/Third_Party/FatFs/src/ff_gen_drv.c **** {
 116              		.loc 1 69 0
 117              		.cfi_startproc
 118              		@ args = 0, pretend = 0, frame = 0
 119              		@ frame_needed = 0, uses_anonymous_args = 0
 120              	.LVL11:
 121 0000 08B5     		push	{r3, lr}
 122              	.LCFI2:
 123              		.cfi_def_cfa_offset 8
 124              		.cfi_offset 3, -8
 125              		.cfi_offset 14, -4
  70:Middlewares/Third_Party/FatFs/src/ff_gen_drv.c ****   return FATFS_LinkDriverEx(drv, path, 0);
 126              		.loc 1 70 0
 127 0002 0022     		movs	r2, #0
 128 0004 FFF7FEFF 		bl	FATFS_LinkDriverEx
 129              	.LVL12:
  71:Middlewares/Third_Party/FatFs/src/ff_gen_drv.c **** }
 130              		.loc 1 71 0
 131 0008 08BD     		pop	{r3, pc}
 132              		.cfi_endproc
 133              	.LFE131:
 135              		.section	.text.FATFS_UnLinkDriverEx,"ax",%progbits
 136              		.align	1
 137              		.global	FATFS_UnLinkDriverEx
 138              		.syntax unified
 139              		.thumb
 140              		.thumb_func
 141              		.fpu fpv4-sp-d16
 143              	FATFS_UnLinkDriverEx:
 144              	.LFB132:
  72:Middlewares/Third_Party/FatFs/src/ff_gen_drv.c **** 
  73:Middlewares/Third_Party/FatFs/src/ff_gen_drv.c **** /**
  74:Middlewares/Third_Party/FatFs/src/ff_gen_drv.c ****   * @brief  Unlinks a diskio driver and decrements the number of active linked
  75:Middlewares/Third_Party/FatFs/src/ff_gen_drv.c ****   *         drivers.
  76:Middlewares/Third_Party/FatFs/src/ff_gen_drv.c ****   * @param  path: pointer to the logical drive path
  77:Middlewares/Third_Party/FatFs/src/ff_gen_drv.c ****   * @param  lun : not used
  78:Middlewares/Third_Party/FatFs/src/ff_gen_drv.c ****   * @retval Returns 0 in case of success, otherwise 1.
  79:Middlewares/Third_Party/FatFs/src/ff_gen_drv.c ****   */
  80:Middlewares/Third_Party/FatFs/src/ff_gen_drv.c **** uint8_t FATFS_UnLinkDriverEx(char *path, uint8_t lun)
  81:Middlewares/Third_Party/FatFs/src/ff_gen_drv.c **** {
 145              		.loc 1 81 0
 146              		.cfi_startproc
 147              		@ args = 0, pretend = 0, frame = 0
 148              		@ frame_needed = 0, uses_anonymous_args = 0
 149              		@ link register save eliminated.
 150              	.LVL13:
ARM GAS  C:\Users\Cihat\AppData\Local\Temp\ccWc5msr.s 			page 5


  82:Middlewares/Third_Party/FatFs/src/ff_gen_drv.c ****   uint8_t DiskNum = 0;
  83:Middlewares/Third_Party/FatFs/src/ff_gen_drv.c ****   uint8_t ret = 1;
  84:Middlewares/Third_Party/FatFs/src/ff_gen_drv.c **** 
  85:Middlewares/Third_Party/FatFs/src/ff_gen_drv.c ****   if(disk.nbr >= 1)
 151              		.loc 1 85 0
 152 0000 0D4B     		ldr	r3, .L16
 153 0002 5B7A     		ldrb	r3, [r3, #9]	@ zero_extendqisi2
 154 0004 9BB1     		cbz	r3, .L14
  86:Middlewares/Third_Party/FatFs/src/ff_gen_drv.c ****   {
  87:Middlewares/Third_Party/FatFs/src/ff_gen_drv.c ****     DiskNum = path[0] - '0';
 155              		.loc 1 87 0
 156 0006 0378     		ldrb	r3, [r0]	@ zero_extendqisi2
 157 0008 303B     		subs	r3, r3, #48
 158 000a DBB2     		uxtb	r3, r3
 159              	.LVL14:
  88:Middlewares/Third_Party/FatFs/src/ff_gen_drv.c ****     if(disk.drv[DiskNum] != 0)
 160              		.loc 1 88 0
 161 000c 0A4A     		ldr	r2, .L16
 162 000e 02EB8302 		add	r2, r2, r3, lsl #2
 163 0012 5268     		ldr	r2, [r2, #4]
 164 0014 6AB1     		cbz	r2, .L15
  89:Middlewares/Third_Party/FatFs/src/ff_gen_drv.c ****     {
  90:Middlewares/Third_Party/FatFs/src/ff_gen_drv.c ****       disk.drv[DiskNum] = 0;
 165              		.loc 1 90 0
 166 0016 084A     		ldr	r2, .L16
 167 0018 02EB8301 		add	r1, r2, r3, lsl #2
 168              	.LVL15:
 169 001c 0020     		movs	r0, #0
 170              	.LVL16:
 171 001e 4860     		str	r0, [r1, #4]
  91:Middlewares/Third_Party/FatFs/src/ff_gen_drv.c ****       disk.lun[DiskNum] = 0;
 172              		.loc 1 91 0
 173 0020 1344     		add	r3, r3, r2
 174 0022 1872     		strb	r0, [r3, #8]
  92:Middlewares/Third_Party/FatFs/src/ff_gen_drv.c ****       disk.nbr--;
 175              		.loc 1 92 0
 176 0024 537A     		ldrb	r3, [r2, #9]	@ zero_extendqisi2
 177 0026 013B     		subs	r3, r3, #1
 178 0028 DBB2     		uxtb	r3, r3
 179 002a 5372     		strb	r3, [r2, #9]
 180              	.LVL17:
 181 002c 7047     		bx	lr
 182              	.LVL18:
 183              	.L14:
  83:Middlewares/Third_Party/FatFs/src/ff_gen_drv.c **** 
 184              		.loc 1 83 0
 185 002e 0120     		movs	r0, #1
 186              	.LVL19:
 187 0030 7047     		bx	lr
 188              	.LVL20:
 189              	.L15:
 190 0032 0120     		movs	r0, #1
 191              	.LVL21:
  93:Middlewares/Third_Party/FatFs/src/ff_gen_drv.c ****       ret = 0;
  94:Middlewares/Third_Party/FatFs/src/ff_gen_drv.c ****     }
  95:Middlewares/Third_Party/FatFs/src/ff_gen_drv.c ****   }
  96:Middlewares/Third_Party/FatFs/src/ff_gen_drv.c **** 
ARM GAS  C:\Users\Cihat\AppData\Local\Temp\ccWc5msr.s 			page 6


  97:Middlewares/Third_Party/FatFs/src/ff_gen_drv.c ****   return ret;
  98:Middlewares/Third_Party/FatFs/src/ff_gen_drv.c **** }
 192              		.loc 1 98 0
 193 0034 7047     		bx	lr
 194              	.L17:
 195 0036 00BF     		.align	2
 196              	.L16:
 197 0038 00000000 		.word	.LANCHOR0
 198              		.cfi_endproc
 199              	.LFE132:
 201              		.section	.text.FATFS_UnLinkDriver,"ax",%progbits
 202              		.align	1
 203              		.global	FATFS_UnLinkDriver
 204              		.syntax unified
 205              		.thumb
 206              		.thumb_func
 207              		.fpu fpv4-sp-d16
 209              	FATFS_UnLinkDriver:
 210              	.LFB133:
  99:Middlewares/Third_Party/FatFs/src/ff_gen_drv.c **** 
 100:Middlewares/Third_Party/FatFs/src/ff_gen_drv.c **** /**
 101:Middlewares/Third_Party/FatFs/src/ff_gen_drv.c ****   * @brief  Unlinks a diskio driver and decrements the number of active linked
 102:Middlewares/Third_Party/FatFs/src/ff_gen_drv.c ****   *         drivers.
 103:Middlewares/Third_Party/FatFs/src/ff_gen_drv.c ****   * @param  path: pointer to the logical drive path
 104:Middlewares/Third_Party/FatFs/src/ff_gen_drv.c ****   * @retval Returns 0 in case of success, otherwise 1.
 105:Middlewares/Third_Party/FatFs/src/ff_gen_drv.c ****   */
 106:Middlewares/Third_Party/FatFs/src/ff_gen_drv.c **** uint8_t FATFS_UnLinkDriver(char *path)
 107:Middlewares/Third_Party/FatFs/src/ff_gen_drv.c **** {
 211              		.loc 1 107 0
 212              		.cfi_startproc
 213              		@ args = 0, pretend = 0, frame = 0
 214              		@ frame_needed = 0, uses_anonymous_args = 0
 215              	.LVL22:
 216 0000 08B5     		push	{r3, lr}
 217              	.LCFI3:
 218              		.cfi_def_cfa_offset 8
 219              		.cfi_offset 3, -8
 220              		.cfi_offset 14, -4
 108:Middlewares/Third_Party/FatFs/src/ff_gen_drv.c ****   return FATFS_UnLinkDriverEx(path, 0);
 221              		.loc 1 108 0
 222 0002 0021     		movs	r1, #0
 223 0004 FFF7FEFF 		bl	FATFS_UnLinkDriverEx
 224              	.LVL23:
 109:Middlewares/Third_Party/FatFs/src/ff_gen_drv.c **** }
 225              		.loc 1 109 0
 226 0008 08BD     		pop	{r3, pc}
 227              		.cfi_endproc
 228              	.LFE133:
 230              		.section	.text.FATFS_GetAttachedDriversNbr,"ax",%progbits
 231              		.align	1
 232              		.global	FATFS_GetAttachedDriversNbr
 233              		.syntax unified
 234              		.thumb
 235              		.thumb_func
 236              		.fpu fpv4-sp-d16
 238              	FATFS_GetAttachedDriversNbr:
 239              	.LFB134:
ARM GAS  C:\Users\Cihat\AppData\Local\Temp\ccWc5msr.s 			page 7


 110:Middlewares/Third_Party/FatFs/src/ff_gen_drv.c **** 
 111:Middlewares/Third_Party/FatFs/src/ff_gen_drv.c **** /**
 112:Middlewares/Third_Party/FatFs/src/ff_gen_drv.c ****   * @brief  Gets number of linked drivers to the FatFs module.
 113:Middlewares/Third_Party/FatFs/src/ff_gen_drv.c ****   * @param  None
 114:Middlewares/Third_Party/FatFs/src/ff_gen_drv.c ****   * @retval Number of attached drivers.
 115:Middlewares/Third_Party/FatFs/src/ff_gen_drv.c ****   */
 116:Middlewares/Third_Party/FatFs/src/ff_gen_drv.c **** uint8_t FATFS_GetAttachedDriversNbr(void)
 117:Middlewares/Third_Party/FatFs/src/ff_gen_drv.c **** {
 240              		.loc 1 117 0
 241              		.cfi_startproc
 242              		@ args = 0, pretend = 0, frame = 0
 243              		@ frame_needed = 0, uses_anonymous_args = 0
 244              		@ link register save eliminated.
 118:Middlewares/Third_Party/FatFs/src/ff_gen_drv.c ****   return disk.nbr;
 245              		.loc 1 118 0
 246 0000 014B     		ldr	r3, .L21
 247 0002 587A     		ldrb	r0, [r3, #9]	@ zero_extendqisi2
 119:Middlewares/Third_Party/FatFs/src/ff_gen_drv.c **** }
 248              		.loc 1 119 0
 249 0004 7047     		bx	lr
 250              	.L22:
 251 0006 00BF     		.align	2
 252              	.L21:
 253 0008 00000000 		.word	.LANCHOR0
 254              		.cfi_endproc
 255              	.LFE134:
 257              		.global	disk
 258              		.section	.bss.disk,"aw",%nobits
 259              		.align	2
 260              		.set	.LANCHOR0,. + 0
 263              	disk:
 264 0000 00000000 		.space	12
 264      00000000 
 264      00000000 
 265              		.text
 266              	.Letext0:
 267              		.file 2 "Middlewares/Third_Party/FatFs/src/integer.h"
 268              		.file 3 "Middlewares/Third_Party/FatFs/src/diskio.h"
 269              		.file 4 "c:\\touchgfx\\4.17.0\\env\\mingw\\msys\\1.0\\gnu-arm-gcc\\arm-none-eabi\\include\\machine
 270              		.file 5 "c:\\touchgfx\\4.17.0\\env\\mingw\\msys\\1.0\\gnu-arm-gcc\\arm-none-eabi\\include\\sys\\_s
 271              		.file 6 "Drivers/CMSIS/Include/core_cm4.h"
 272              		.file 7 "Drivers/CMSIS/Device/ST/STM32F4xx/Include/system_stm32f4xx.h"
 273              		.file 8 "Drivers/STM32F4xx_HAL_Driver/Inc/stm32f4xx_hal.h"
 274              		.file 9 "c:\\touchgfx\\4.17.0\\env\\mingw\\msys\\1.0\\gnu-arm-gcc\\arm-none-eabi\\include\\sys\\lo
 275              		.file 10 "c:\\touchgfx\\4.17.0\\env\\mingw\\msys\\1.0\\gnu-arm-gcc\\arm-none-eabi\\include\\sys\\_
 276              		.file 11 "c:\\touchgfx\\4.17.0\\env\\mingw\\msys\\1.0\\gnu-arm-gcc\\lib\\gcc\\arm-none-eabi\\7.3.1
 277              		.file 12 "c:\\touchgfx\\4.17.0\\env\\mingw\\msys\\1.0\\gnu-arm-gcc\\arm-none-eabi\\include\\sys\\r
 278              		.file 13 "c:\\touchgfx\\4.17.0\\env\\mingw\\msys\\1.0\\gnu-arm-gcc\\arm-none-eabi\\include\\stdlib
 279              		.file 14 "Middlewares/Third_Party/FatFs/src/ff_gen_drv.h"
ARM GAS  C:\Users\Cihat\AppData\Local\Temp\ccWc5msr.s 			page 8


DEFINED SYMBOLS
                            *ABS*:00000000 ff_gen_drv.c
C:\Users\Cihat\AppData\Local\Temp\ccWc5msr.s:18     .text.FATFS_LinkDriverEx:00000000 $t
C:\Users\Cihat\AppData\Local\Temp\ccWc5msr.s:25     .text.FATFS_LinkDriverEx:00000000 FATFS_LinkDriverEx
C:\Users\Cihat\AppData\Local\Temp\ccWc5msr.s:102    .text.FATFS_LinkDriverEx:00000044 $d
C:\Users\Cihat\AppData\Local\Temp\ccWc5msr.s:107    .text.FATFS_LinkDriver:00000000 $t
C:\Users\Cihat\AppData\Local\Temp\ccWc5msr.s:114    .text.FATFS_LinkDriver:00000000 FATFS_LinkDriver
C:\Users\Cihat\AppData\Local\Temp\ccWc5msr.s:136    .text.FATFS_UnLinkDriverEx:00000000 $t
C:\Users\Cihat\AppData\Local\Temp\ccWc5msr.s:143    .text.FATFS_UnLinkDriverEx:00000000 FATFS_UnLinkDriverEx
C:\Users\Cihat\AppData\Local\Temp\ccWc5msr.s:197    .text.FATFS_UnLinkDriverEx:00000038 $d
C:\Users\Cihat\AppData\Local\Temp\ccWc5msr.s:202    .text.FATFS_UnLinkDriver:00000000 $t
C:\Users\Cihat\AppData\Local\Temp\ccWc5msr.s:209    .text.FATFS_UnLinkDriver:00000000 FATFS_UnLinkDriver
C:\Users\Cihat\AppData\Local\Temp\ccWc5msr.s:231    .text.FATFS_GetAttachedDriversNbr:00000000 $t
C:\Users\Cihat\AppData\Local\Temp\ccWc5msr.s:238    .text.FATFS_GetAttachedDriversNbr:00000000 FATFS_GetAttachedDriversNbr
C:\Users\Cihat\AppData\Local\Temp\ccWc5msr.s:253    .text.FATFS_GetAttachedDriversNbr:00000008 $d
C:\Users\Cihat\AppData\Local\Temp\ccWc5msr.s:263    .bss.disk:00000000 disk
C:\Users\Cihat\AppData\Local\Temp\ccWc5msr.s:259    .bss.disk:00000000 $d

NO UNDEFINED SYMBOLS
